Removed Pin From Net: NetName=SCL/SPC Pin=J2-1
Removed Pin From Net: NetName=CS_XL Pin=J2-2
Removed Pin From Net: NetName=CS_MAG Pin=J2-3
Removed Pin From Net: NetName=SDA/SDI/SDO Pin=J2-4
Removed Pin From Net: NetName=INT_MAG/DRDY Pin=J2-5
Removed Pin From Net: NetName=INT_2_XL Pin=J2-6
Removed Pin From Net: NetName=INT_1_XL Pin=J2-7
Added Component: Designator=J2(CONN_PH1-07-UA_ADM)
Add component (AddParameter): Name = "ComponentLink1Description"; Value = "Datasheet"; VariantName = "[No Variations]"
Add component (AddParameter): Name = "ComponentLink1URL"; Value = "https://www.we-online.com/components/products/datasheet/61300311121.pdf"; VariantName = "[No Variations]"
Add component (AddParameter): Name = "Current Rating"; Value = "3A"; VariantName = "[No Variations]"
Add component (AddParameter): Name = "Voltage Rating"; Value = "250V"; VariantName = "[No Variations]"
Added Pin To Net: NetName=SCL/SPC Pin=J2-1
Added Pin To Net: NetName=CS_XL Pin=J2-2
Added Pin To Net: NetName=CS_MAG Pin=J2-3
Added Pin To Net: NetName=SDA/SDI/SDO Pin=J2-4
Added Pin To Net: NetName=INT_MAG/DRDY Pin=J2-5
Added Pin To Net: NetName=INT_2_XL Pin=J2-6
Added Pin To Net: NetName=INT_1_XL Pin=J2-7
Added Member To Class: ClassName=schematic Member=Component J1 90120-0763
