Removed Pin From Net: NetName=GND Pin=C3-1
Removed Pin From Net: NetName=NetC3_2 Pin=C3-2
Removed Pin From Net: NetName=Vdd Pin=C4-1
Removed Pin From Net: NetName=GND Pin=C4-2
Added Component: Designator=C3(CAP-0603)
Add component (AddParameter): Name = "Capacitance"; Value = "220nF"; VariantName = "[No Variations]"
Add component (AddParameter): Name = "ComponentLink1Description"; Value = "Datasheet"; VariantName = "[No Variations]"
Add component (AddParameter): Name = "ComponentLink1URL"; Value = "https://www.yageo.com/upload/media/product/productsearch/datasheet/mlcc/UPY-GPHC_X7R_6.3V-to-250V_24.pdf"; VariantName = "[No Variations]"
Add component (AddParameter): Name = "Device Class"; Value = "Ceramic"; VariantName = "[No Variations]"
Add component (AddParameter): Name = "Size"; Value = "1206"; VariantName = "[No Variations]"
Add component (AddParameter): Name = "Voltage"; Value = "10V"; VariantName = "[No Variations]"
Added Component: Designator=C4(CAP-0603)
Add component (AddParameter): Name = "Capacitance"; Value = "10uF"; VariantName = "[No Variations]"
Add component (AddParameter): Name = "ComponentLink1Description"; Value = "Datasheet"; VariantName = "[No Variations]"
Add component (AddParameter): Name = "ComponentLink1URL"; Value = "https://www.yageo.com/upload/media/product/productsearch/datasheet/mlcc/UPY-GPHC_X7R_6.3V-to-250V_24.pdf"; VariantName = "[No Variations]"
Add component (AddParameter): Name = "Device Class"; Value = "Ceramic"; VariantName = "[No Variations]"
Add component (AddParameter): Name = "Size"; Value = "1206"; VariantName = "[No Variations]"
Add component (AddParameter): Name = "Voltage"; Value = "10V"; VariantName = "[No Variations]"
Added Pin To Net: NetName=GND Pin=C3-1
Added Pin To Net: NetName=NetC3_2 Pin=C3-2
Added Pin To Net: NetName=Vdd Pin=C4-1
Added Pin To Net: NetName=GND Pin=C4-2
Added Member To Class: ClassName=schematic Member=Component J2 61300311121
